<?xml version="1.0" encoding="UTF-8"?>
<!-- Generated by org.testng.reporters.JUnitReportReporter -->
<testsuite hostname="LQA-KHURRAMMUSLIM" failures="0" tests="4" name="tests.TestExecutionWeb" time="2.927" errors="1" timestamp="2022-12-20T18:11:54 PKT" skipped="3">
  <testcase classname="tests.TestExecutionWeb" name="CountryTestKW" time="0.000">
    <skipped/>
  </testcase> <!-- CountryTestKW -->
  <system-out/>
  <testcase classname="tests.TestExecutionWeb" name="CountryTestSA" time="0.000">
    <skipped/>
  </testcase> <!-- CountryTestSA -->
  <system-out/>
  <testcase classname="tests.TestExecutionWeb" name="CountryTestBH" time="0.000">
    <skipped/>
  </testcase> <!-- CountryTestBH -->
  <system-out/>
  <testcase classname="tests.TestExecutionWeb" name="setup" time="2.927">
    <error message="session not created: This version of ChromeDriver only supports Chrome version 104
Current browser version is 108.0.5359.125 with binary path C:\Program Files\Google\Chrome\Application\chrome.exe
Build info: version: &#039;3.141.59&#039;, revision: &#039;e82be7d358&#039;, time: &#039;2018-11-14T08:17:03&#039;
System info: host: &#039;LQA-KHURRAMMUSL&#039;, ip: &#039;192.168.3.110&#039;, os.name: &#039;Windows 10&#039;, os.arch: &#039;amd64&#039;, os.version: &#039;10.0&#039;, java.version: &#039;16.0.2&#039;
Driver info: driver.version: ChromeDriver
remote stacktrace: Backtrace:
	Ordinal0 [0x002678B3+2193587]
	Ordinal0 [0x00200681+1771137]
	Ordinal0 [0x001141A8+803240]
	Ordinal0 [0x00135CC3+941251]
	Ordinal0 [0x001313EF+922607]
	Ordinal0 [0x0012EBC1+912321]
	Ordinal0 [0x001623B0+1123248]
	Ordinal0 [0x0016200A+1122314]
	Ordinal0 [0x0015D5C6+1103302]
	Ordinal0 [0x001377E0+948192]
	Ordinal0 [0x001386E6+952038]
	GetHandleVerifier [0x00510CB2+2738370]
	GetHandleVerifier [0x005021B8+2678216]
	GetHandleVerifier [0x002F17AA+512954]
	GetHandleVerifier [0x002F0856+509030]
	Ordinal0 [0x0020743B+1799227]
	Ordinal0 [0x0020BB68+1817448]
	Ordinal0 [0x0020BC55+1817685]
	Ordinal0 [0x00215230+1856048]
	BaseThreadInitThunk [0x76ED00F9+25]
	RtlGetAppContainerNamedObjectPath [0x777E7BBE+286]
	RtlGetAppContainerNamedObjectPath [0x777E7B8E+238]
	(No symbol) [0x00000000]
" type="org.openqa.selenium.SessionNotCreatedException">
      <![CDATA[org.openqa.selenium.SessionNotCreatedException: session not created: This version of ChromeDriver only supports Chrome version 104
Current browser version is 108.0.5359.125 with binary path C:\Program Files\Google\Chrome\Application\chrome.exe
Build info: version: '3.141.59', revision: 'e82be7d358', time: '2018-11-14T08:17:03'
System info: host: 'LQA-KHURRAMMUSL', ip: '192.168.3.110', os.name: 'Windows 10', os.arch: 'amd64', os.version: '10.0', java.version: '16.0.2'
Driver info: driver.version: ChromeDriver
remote stacktrace: Backtrace:
Ordinal0 [0x002678B3+2193587]
Ordinal0 [0x00200681+1771137]
Ordinal0 [0x001141A8+803240]
Ordinal0 [0x00135CC3+941251]
Ordinal0 [0x001313EF+922607]
Ordinal0 [0x0012EBC1+912321]
Ordinal0 [0x001623B0+1123248]
Ordinal0 [0x0016200A+1122314]
Ordinal0 [0x0015D5C6+1103302]
Ordinal0 [0x001377E0+948192]
Ordinal0 [0x001386E6+952038]
GetHandleVerifier [0x00510CB2+2738370]
GetHandleVerifier [0x005021B8+2678216]
GetHandleVerifier [0x002F17AA+512954]
GetHandleVerifier [0x002F0856+509030]
Ordinal0 [0x0020743B+1799227]
Ordinal0 [0x0020BB68+1817448]
Ordinal0 [0x0020BC55+1817685]
Ordinal0 [0x00215230+1856048]
BaseThreadInitThunk [0x76ED00F9+25]
RtlGetAppContainerNamedObjectPath [0x777E7BBE+286]
RtlGetAppContainerNamedObjectPath [0x777E7B8E+238]
(No symbol) [0x00000000]

at java.base/jdk.internal.reflect.NativeConstructorAccessorImpl.newInstance0(Native Method)
at java.base/jdk.internal.reflect.NativeConstructorAccessorImpl.newInstance(NativeConstructorAccessorImpl.java:78)
at java.base/jdk.internal.reflect.DelegatingConstructorAccessorImpl.newInstance(DelegatingConstructorAccessorImpl.java:45)
at java.base/java.lang.reflect.Constructor.newInstanceWithCaller(Constructor.java:499)
at java.base/java.lang.reflect.Constructor.newInstance(Constructor.java:480)
at org.openqa.selenium.remote.W3CHandshakeResponse.lambda$errorHandler$0(W3CHandshakeResponse.java:62)
at org.openqa.selenium.remote.HandshakeResponse.lambda$getResponseFunction$0(HandshakeResponse.java:30)
at org.openqa.selenium.remote.ProtocolHandshake.lambda$createSession$0(ProtocolHandshake.java:126)
at java.base/java.util.stream.ReferencePipeline$3$1.accept(ReferencePipeline.java:197)
at java.base/java.util.Spliterators$ArraySpliterator.tryAdvance(Spliterators.java:958)
at java.base/java.util.stream.ReferencePipeline.forEachWithCancel(ReferencePipeline.java:129)
at java.base/java.util.stream.AbstractPipeline.copyIntoWithCancel(AbstractPipeline.java:502)
at java.base/java.util.stream.AbstractPipeline.copyInto(AbstractPipeline.java:488)
at java.base/java.util.stream.AbstractPipeline.wrapAndCopyInto(AbstractPipeline.java:474)
at java.base/java.util.stream.FindOps$FindOp.evaluateSequential(FindOps.java:150)
at java.base/java.util.stream.AbstractPipeline.evaluate(AbstractPipeline.java:234)
at java.base/java.util.stream.ReferencePipeline.findFirst(ReferencePipeline.java:647)
at org.openqa.selenium.remote.ProtocolHandshake.createSession(ProtocolHandshake.java:128)
at org.openqa.selenium.remote.ProtocolHandshake.createSession(ProtocolHandshake.java:74)
at org.openqa.selenium.remote.HttpCommandExecutor.execute(HttpCommandExecutor.java:136)
at org.openqa.selenium.remote.service.DriverCommandExecutor.execute(DriverCommandExecutor.java:83)
at org.openqa.selenium.remote.RemoteWebDriver.execute(RemoteWebDriver.java:552)
at org.openqa.selenium.remote.RemoteWebDriver.startSession(RemoteWebDriver.java:213)
at org.openqa.selenium.remote.RemoteWebDriver.<init>(RemoteWebDriver.java:131)
at org.openqa.selenium.chrome.ChromeDriver.<init>(ChromeDriver.java:181)
at org.openqa.selenium.chrome.ChromeDriver.<init>(ChromeDriver.java:168)
at org.openqa.selenium.chrome.ChromeDriver.<init>(ChromeDriver.java:123)
at pages.corePage.setup(corePage.java:33)
at java.base/jdk.internal.reflect.NativeMethodAccessorImpl.invoke0(Native Method)
at java.base/jdk.internal.reflect.NativeMethodAccessorImpl.invoke(NativeMethodAccessorImpl.java:78)
at java.base/jdk.internal.reflect.DelegatingMethodAccessorImpl.invoke(DelegatingMethodAccessorImpl.java:43)
at java.base/java.lang.reflect.Method.invoke(Method.java:567)
at org.testng.internal.MethodInvocationHelper.invokeMethod(MethodInvocationHelper.java:133)
at org.testng.internal.MethodInvocationHelper.invokeMethodConsideringTimeout(MethodInvocationHelper.java:62)
at org.testng.internal.ConfigInvoker.invokeConfigurationMethod(ConfigInvoker.java:385)
at org.testng.internal.ConfigInvoker.invokeConfigurations(ConfigInvoker.java:321)
at org.testng.SuiteRunner.privateRun(SuiteRunner.java:317)
at org.testng.SuiteRunner.run(SuiteRunner.java:276)
at org.testng.SuiteRunnerWorker.runSuite(SuiteRunnerWorker.java:53)
at org.testng.SuiteRunnerWorker.run(SuiteRunnerWorker.java:96)
at org.testng.TestNG.runSuitesSequentially(TestNG.java:1212)
at org.testng.TestNG.runSuitesLocally(TestNG.java:1134)
at org.testng.TestNG.runSuites(TestNG.java:1063)
at org.testng.TestNG.run(TestNG.java:1031)
at org.testng.remote.AbstractRemoteTestNG.run(AbstractRemoteTestNG.java:115)
at org.testng.remote.RemoteTestNG.initAndRun(RemoteTestNG.java:251)
at org.testng.remote.RemoteTestNG.main(RemoteTestNG.java:77)
]]>
    </error>
  </testcase> <!-- setup -->
  <system-out/>
</testsuite> <!-- tests.TestExecutionWeb -->
